This is pdfTeX, Version 3.1415926-1.40.10 (TeX Live 2009) (format=pdflatex 2010.6.7)  10 MAY 2011 14:48
entering extended mode
 %&-line parsing enabled.
**\nonstopmode\nofiles\PassOptionsToPackage{active,tightpage,auctex}{preview}\A
tBeginDocument{\ifx\ifPreview\undefined\RequirePackage[displaymath,floats,graph
ics,textmath,sections,footnotes]{preview}[2004/11/05]\fi} \input _region_.tex
(./_region_.tex  !name(clashresolved.tex)
(/Users/leonidas/Library/texmf/tex/latex/revtex/emulateapj.cls
Document Class: emulateapj 
\bibbaselineskip=\skip41
(/usr/local/texlive/2009basic/texmf-dist/tex/latex/revtex/revtex4-1.cls
Document Class: revtex4-1 2009/10/08:11:23 4.1g (http://publish.aps.org/revtex4
/ for documentation)
 Copyright (c) 2009 The American Physical Society.
 mailto:revtex@aps.org
 Licensed under the LPPL:
http://www.ctan.org/tex-archive/macros/latex/base/lppl.txt
 Arthur Ogawa <arthur_ogawa at sbcglobal dot net>
 Based on work by David Carlisle <david at dcarlisle.demon.co.uk>.
ltxutil [2009/07/07 4.1f]: portions licensed from W. E. Baxter (web at superscr
ipt.com)
LaTeX Info: Redefining \@centercr on input line 298.
Class revtex4-1 Info: Repairing broken LaTeX eqnarray on input line 348.
\eqncolsep=\skip42
Class revtex4-1 Info: Repairing hyperref-unfriendly LaTeX definition of \mpfoot
note on input line 423.
Class revtex4-1 Info: Repairing broken LateX \@sect on input line 754.
\intertabularlinepenalty=\count79
\@tbpen=\count80
\@arstrutbox@hline=\box26
Class revtex4-1 Info: Repairing broken LaTeX \@xbitor on input line 1785.
Class revtex4-1 Info: Making \typeout \long on input line 1953.
ltxfront [2009/10/06/20:20 4.1g]: Arthur Ogawa (after David P. Carlisle)
\c@affil=\count81
\c@collab=\count82
\absbox=\box27
ltxgrid [2009/07/07 4.1f]: portions licensed from W. E. Baxter (web at superscr
ipt.com)
\c@linecount=\count83
\output@latex=\toks14
\box@size@1=\box28
\box@size@2=\box29
\@protection@box=\box30
\@topmark@saved=\toks15
\footins@saved=\box31
\pagesofar=\box32
\footsofar=\box33
\pagegrid@col=\count84
Class revtex4-1 Info: Overriding \@vspace, \@vspacer, \@no@pgbk, \@newline, and
 \\  on input line 5346.
\c@part=\count85
\c@section=\count86
\c@subsection=\count87
\c@subsubsection=\count88
\c@paragraph=\count89
\c@subparagraph=\count90
\abovecaptionskip=\skip43
\belowcaptionskip=\skip44
\c@figure=\count91
\fbox@1=\box34
\c@table=\count92
\fbox@2=\box35
\c@video=\count93
\fbox@4=\box36
\@bibdataout=\write3
\widetext@top=\box37
\widetext@bot=\box38

Class revtex4-1 Warning: No Society specified, using default society aps.

(/usr/local/texlive/2009basic/texmf-dist/tex/latex/revtex/aps4-1.rtx
File: aps4-1 2009/10/08:11:23 4.1g (http://publish.aps.org/revtex4/ for documen
tation)
Class revtex4-1 Info: RevTeX society APS selected on input line 31.
)

Class revtex4-1 Warning: No journal specified, using default pra.

Class revtex4-1 Info: APS journal PRA selected on input line 7233.

Class revtex4-1 Warning: No type size specified, using default 10.

(/usr/local/texlive/2009basic/texmf-dist/tex/latex/revtex/aps10pt4-1.rtx
File: aps10pt4-1 2009/10/08:11:23 4.1g (http://publish.aps.org/revtex4/ for doc
umentation)
Class revtex4-1 Info: RevTeX pointsize 10pt selected on input line 30.
)
(/Users/leonidas/Library/texmf/tex/latex/textcase/textcase.sty
Package: textcase 2004/10/07 v0.07 Text only upper/lower case changing (DPC)
)
(/usr/local/texlive/2009basic/texmf-dist/tex/latex/ltxmisc/url.sty
\Urlmuskip=\muskip10
Package: url 2006/04/12  ver 3.3  Verb mode for urls, etc.
)
(/usr/local/texlive/2009basic/texmf-dist/tex/latex/natbib/natbib.sty
Package: natbib 2009/11/07 8.31a (PWD, AO)
\bibhang=\skip45
\bibsep=\skip46
LaTeX Info: Redefining \cite on input line 694.


! LaTeX Error: \makeindex undefined.

See the LaTeX manual or LaTeX Companion for explanation.
Type  H <return>  for immediate help.
 ...                                              
                                                  
l.795 \renewcommand\makeindex
                             {\NAT@makeindex
Try typing  <return>  to proceed.
If that doesn't work, type  X <return>  to quit.

\c@NAT@ctr=\count94
) (/usr/local/texlive/2009basic/texmf-dist/tex/latex/revtex/revsymb4-1.sty
Package: revsymb4-1 2009/10/08:11:23 4.1g (http://publish.aps.org/revtex4/ for 
documentation)
LaTeX Info: Redefining \REV@mathfrak on input line 119.
))
(/usr/local/texlive/2009basic/texmf-dist/tex/latex/base/latexsym.sty
Package: latexsym 1998/08/17 v2.2e Standard LaTeX package (lasy symbols)
\symlasy=\mathgroup4
LaTeX Font Info:    Overwriting symbol font `lasy' in version `bold'
(Font)                  U/lasy/m/n --> U/lasy/b/n on input line 47.
)
(/usr/local/texlive/2009basic/texmf-dist/tex/latex/graphics/graphicx.sty
Package: graphicx 1999/02/16 v1.0f Enhanced LaTeX Graphics (DPC,SPQR)

(/usr/local/texlive/2009basic/texmf-dist/tex/latex/graphics/keyval.sty
Package: keyval 1999/03/16 v1.13 key=value parser (DPC)
\KV@toks@=\toks16
)
(/usr/local/texlive/2009basic/texmf-dist/tex/latex/graphics/graphics.sty
Package: graphics 2009/02/05 v1.0o Standard LaTeX Graphics (DPC,SPQR)

(/usr/local/texlive/2009basic/texmf-dist/tex/latex/graphics/trig.sty
Package: trig 1999/03/16 v1.09 sin cos tan (DPC)
)
(/usr/local/texlive/2009basic/texmf-dist/tex/latex/latexconfig/graphics.cfg
File: graphics.cfg 2009/08/28 v1.8 graphics configuration of TeX Live
)
Package graphics Info: Driver file: pdftex.def on input line 91.

(/usr/local/texlive/2009basic/texmf-dist/tex/latex/pdftex-def/pdftex.def
File: pdftex.def 2009/08/25 v0.04m Graphics/color for pdfTeX
\Gread@gobject=\count95
))
\Gin@req@height=\dimen102
\Gin@req@width=\dimen103
)
(/usr/local/texlive/2009basic/texmf-dist/tex/latex/amsfonts/amssymb.sty
Package: amssymb 2009/06/22 v3.00

(/usr/local/texlive/2009basic/texmf-dist/tex/latex/amsfonts/amsfonts.sty
Package: amsfonts 2009/06/22 v3.00 Basic AMSFonts support
\@emptytoks=\toks17
\symAMSa=\mathgroup5
\symAMSb=\mathgroup6
LaTeX Font Info:    Overwriting math alphabet `\mathfrak' in version `bold'
(Font)                  U/euf/m/n --> U/euf/b/n on input line 96.
LaTeX Info: Redefining \frak on input line 99.
LaTeX Info: Redefining \Bbb on input line 101.
))
(/usr/local/texlive/2009basic/texmf-dist/tex/latex/tools/longtable.sty
Package: longtable 2004/02/01 v4.11 Multi-page Table package (DPC)
\LTleft=\skip47
\LTright=\skip48
\LTpre=\skip49
\LTpost=\skip50
\LTchunksize=\count96
\LTcapwidth=\dimen104
\LT@head=\box39
\LT@firsthead=\box40
\LT@foot=\box41
\LT@lastfoot=\box42
\LT@cols=\count97
\LT@rows=\count98
\c@LT@tables=\count99
\c@LT@chunks=\count100
\LT@p@ftn=\toks18
)
(/usr/local/texlive/2009basic/texmf-dist/tex/generic/epsf/epsf.sty
This is `epsf.tex' v2.7.3 <23 July 2005>
\epsffilein=\read1
\epsfframemargin=\dimen105
\epsfframethickness=\dimen106
\epsfrsize=\dimen107
\epsftmp=\dimen108
\epsftsize=\dimen109
\epsfxsize=\dimen110
\epsfysize=\dimen111
\pspoints=\dimen112
)
\c@front@matter@foot@note=\count101
\alt@affil@toks=\toks19
\alt@affil@toks@count=\toks20
\keys@width=\skip51
\c@lastfootnote=\count102
\c@remember@figure@num=\count103
\c@remember@table@num=\count104
\bibindent=\dimen113
\plot@width=\skip52
\c@table@save=\count105
\table@note@skip=\skip53
\deluxe@table@width=\skip54
\@d@t@a=\skip55
\c@deluxe@table@num=\count106
\abovedeluxetableskip=\skip56
\belowdeluxetableskip=\skip57
\lastrowheight=\dimen114
\DT@p@ftn=\toks21
\pt@column=\count107
\pt@ncol=\count108
)
Class revtex4-1 Info: Patching LaTeX tabular. on input line 10.
Class revtex4-1 Info: Patching longtable package on input line 10.
Class revtex4-1 Info: Robustifying \LaTeX's \boldmath command on input line 10.

Class revtex4-1 Info: cite was not loaded (OK!) on input line 10.
Class revtex4-1 Info: mcite was not loaded (OK!) on input line 10.
Class revtex4-1 Info: multicol was not loaded (OK!) on input line 10.

No file _region_.aux.
LaTeX Font Info:    Checking defaults for OML/cmm/m/it on input line 10.
LaTeX Font Info:    ... okay on input line 10.
LaTeX Font Info:    Checking defaults for T1/cmr/m/n on input line 10.
LaTeX Font Info:    ... okay on input line 10.
LaTeX Font Info:    Checking defaults for OT1/cmr/m/n on input line 10.
LaTeX Font Info:    ... okay on input line 10.
LaTeX Font Info:    Checking defaults for OMS/cmsy/m/n on input line 10.
LaTeX Font Info:    ... okay on input line 10.
LaTeX Font Info:    Checking defaults for OMX/cmex/m/n on input line 10.
LaTeX Font Info:    ... okay on input line 10.
LaTeX Font Info:    Checking defaults for U/cmr/m/n on input line 10.
LaTeX Font Info:    ... okay on input line 10.

(/Applications/Aquamacs.app/Contents/Resources/lisp/aquamacs/edit-modes/auctex/
latex/preview.sty
Package: preview 2010/02/14 11.86 (AUCTeX/preview-latex)

(/Applications/Aquamacs.app/Contents/Resources/lisp/aquamacs/edit-modes/auctex/
latex/prtightpage.def
\PreviewBorder=\dimen115
)
(/Applications/Aquamacs.app/Contents/Resources/lisp/aquamacs/edit-modes/auctex/
latex/prauctex.def
No auxiliary output files.


\hbadness=\count109
\hfuzz=\dimen116

(/Applications/Aquamacs.app/Contents/Resources/lisp/aquamacs/edit-modes/auctex/
latex/prauctex.cfg))
(/Applications/Aquamacs.app/Contents/Resources/lisp/aquamacs/edit-modes/auctex/
latex/prfootnotes.def)
\pr@snippet=\count110
\pr@box=\box43
\pr@output=\toks22

Preview: Fontsize 10pt
Preview: PDFoutput 1
) (/usr/local/texlive/2009basic/texmf-dist/tex/context/base/supp-pdf.mkii
[Loading MPS to PDF converter (version 2006.09.02).]
\scratchcounter=\count111
\scratchdimen=\dimen117
\scratchbox=\box44
\nofMPsegments=\count112
\nofMParguments=\count113
\everyMPshowfont=\toks23
\MPscratchCnt=\count114
\MPscratchDim=\dimen118
\MPnumerator=\count115
\everyMPtoPDFconversion=\toks24
)
\openout3 = `_region_Notes.bib'.

  !name(clashresolved.tex) !offset(-3) 
! Argument of \altaffiltext has an extra }.
<inserted text> 
                \par 
l.25 ...hor{Leonidas A. Moustakas\altaffiltext{1}}
                                                  
I've run across a `}' that doesn't seem to match anything.
For example, `\def\a#1{...}' and `\a}' would produce
this error. If you simply proceed now, the `\par' that
I've just inserted will cause me to report a runaway
argument that might be the root of the problem. But if
your `}' was spurious, just type `2' and it will go away.

Runaway argument?
! Paragraph ended before \altaffiltext was complete.
<to be read again> 
                   \par 
l.25 ...hor{Leonidas A. Moustakas\altaffiltext{1}}
                                                  
I suspect you've forgotten a `}', causing me to apply this
control sequence to too much text. How can we recover?
My plan is to forget the whole thing and hope for the best.

! Argument of \altaffiltext has an extra }.
<inserted text> 
                \par 
l.26 \author{Genevieve Graves\altaffiltext{2}}
                                              
I've run across a `}' that doesn't seem to match anything.
For example, `\def\a#1{...}' and `\a}' would produce
this error. If you simply proceed now, the `\par' that
I've just inserted will cause me to report a runaway
argument that might be the root of the problem. But if
your `}' was spurious, just type `2' and it will go away.

Runaway argument?
! Paragraph ended before \altaffiltext was complete.
<to be read again> 
                   \par 
l.26 \author{Genevieve Graves\altaffiltext{2}}
                                              
I suspect you've forgotten a `}', causing me to apply this
control sequence to too much text. How can we recover?
My plan is to forget the whole thing and hope for the best.

! Argument of \altaffiltext has an extra }.
<inserted text> 
                \par 
l.27 \author{John Moustakas\altaffiltext{3}}
                                            
I've run across a `}' that doesn't seem to match anything.
For example, `\def\a#1{...}' and `\a}' would produce
this error. If you simply proceed now, the `\par' that
I've just inserted will cause me to report a runaway
argument that might be the root of the problem. But if
your `}' was spurious, just type `2' and it will go away.

Runaway argument?
! Paragraph ended before \altaffiltext was complete.
<to be read again> 
                   \par 
l.27 \author{John Moustakas\altaffiltext{3}}
                                            
I suspect you've forgotten a `}', causing me to apply this
control sequence to too much text. How can we recover?
My plan is to forget the whole thing and hope for the best.


Class revtex4-1 Warning: Assuming \noaffiliation for .

LaTeX Font Info:    Try loading font information for U+lasy on input line 37.
(/usr/local/texlive/2009basic/texmf-dist/tex/latex/base/ulasy.fd
File: ulasy.fd 1998/08/17 v2.2e LaTeX symbol font definitions
)
LaTeX Font Info:    Try loading font information for U+msa on input line 37.

(/usr/local/texlive/2009basic/texmf-dist/tex/latex/amsfonts/umsa.fd
File: umsa.fd 2009/06/22 v3.00 AMS symbols A
)
LaTeX Font Info:    Try loading font information for U+msb on input line 37.

(/usr/local/texlive/2009basic/texmf-dist/tex/latex/amsfonts/umsb.fd
File: umsb.fd 2009/06/22 v3.00 AMS symbols B
)
! Preview: Snippet 1 started.
<-><->
      
l.37 \section
             {Introduction}
Not a real error.

Preview: Tightpage -32891 -32891 32891 32891
! Preview: Snippet 1 ended.(380108+0x16073787).
<-><->
      
l.37 \section{Introduction}
                           
Not a real error.

[1{/usr/local/texlive/2009basic/texmf-var/fonts/map/pdftex/updmap/pdftex.map}

]

Package natbib Warning: Citation `Bell:00' on page 1 undefined on input line 48
.


Package natbib Warning: Citation `Ivezic:08' on page 1 undefined on input line 
49.


Package natbib Warning: Citation `Zaritsky:94' on page 1 undefined on input lin
e 50.


Package natbib Warning: Citation `Somerville:2003aa' on page 1 undefined on inp
ut line 65.


Package natbib Warning: Citation `Ferguson:2004qw' on page 1 undefined on input
 line 65.


Package natbib Warning: Citation `Moustakas:1998tn' on page 1 undefined on inpu
t line 67.


Package natbib Warning: Citation `bunker:00' on page 2 undefined on input line 
154.


Package natbib Warning: Citation `walsh:79' on page 2 undefined on input line 1
59.


Package natbib Warning: Citation `ratnatunga:99' on page 2 undefined on input l
ine 164.


Package natbib Warning: Citation `moustakas:07' on page 2 undefined on input li
ne 165.


Package natbib Warning: Citation `cabanac:07' on page 2 undefined on input line
 165.


Package natbib Warning: Citation `marshall:09' on page 2 undefined on input lin
e 166.


Package natbib Warning: Citation `warren:96' on page 2 undefined on input line 
169.


Package natbib Warning: Citation `bolton:08' on page 2 undefined on input line 
171.


Package natbib Warning: Citation `bolton:06' on page 2 undefined on input line 
176.


Package natbib Warning: Citation `ebeling:01' on page 2 undefined on input line
 179.

! Preview: Snippet 2 started.
<-><->
      
l.189 \begin{table*}
                    [t]
Not a real error.

! Preview: Snippet 2 ended.(3692486+1850998x33627664).
<-><->
      
l.218 \end{table*}
                  
Not a real error.

[2


]
! Preview: Snippet 3 started.
<-><->
      
l.222 \section
              {Observations}
Not a real error.

! Preview: Snippet 3 ended.(380108+0x16073787).
<-><->
      
l.222 \section{Observations}
                            
Not a real error.

[3

]

Package natbib Warning: Citation `jimenez:04' on page 2 undefined on input line
 229.

! Preview: Snippet 4 started.
<-><->
      
l.231 red galaxies in galaxy clusters at $
                                          0.17<z<0.92$.  The full dataset is
Not a real error.

! Preview: Snippet 4 ended.(422343+25623x4411386).
<-><->
      
l.231 ...axies in galaxy clusters at $0.17<z<0.92$
                                                  .  The full dataset is
Not a real error.

[4]

Package natbib Warning: Citation `oke:95' on page 2 undefined on input line 234
.

! Preview: Snippet 5 started.
<-><->
      
l.236 \section
              {The Strong Lenses}
Not a real error.

! Preview: Snippet 5 ended.(380108+0x16073787).
<-><->
      
l.236 \section{The Strong Lenses}
                                 
Not a real error.

[5

]
! Preview: Snippet 6 started.
<-><->
      
l.244 \subsection
                 {L0025-1219 in MACS\,J0025.4$-$1222}
Not a real error.

! Preview: Snippet 6 ended.(447828+127431x16073787).
<-><->
      
l.244 ...ction{L0025-1219 in MACS\,J0025.4$-$1222}
                                                  
Not a real error.

[6

]

Package natbib Warning: Citation `bradac:08' on page 2 undefined on input line 
247.

! Preview: Snippet 7 started.
<-><->
      
l.248 Bullet Cluster (1E\,0657$
                               -$56; \citealt{clowe:06},
Not a real error.

! Preview: Snippet 7 ended.(382293+54613x509726).
<-><->
      
l.248 Bullet Cluster (1E\,0657$-$
                                 56; \citealt{clowe:06},
Not a real error.

[7]

Package natbib Warning: Citation `clowe:06' on page 2 undefined on input line 2
48.


Package natbib Warning: Citation `bradac:06' on page 2 undefined on input line 
249.

! Preview: Snippet 8 started.
<-><->
      
l.259 \subsection
                 {L1720+3535 in MACS\,J1720.3$+$3536}
Not a real error.

! Preview: Snippet 8 ended.(447828+127431x16073787).
<-><->
      
l.259 ...ction{L1720+3535 in MACS\,J1720.3$+$3536}
                                                  
Not a real error.

[8

]
! Preview: Snippet 9 started.
<-><->
      
l.267 \subsection
                 {L1720+3537 in MACS\,J1720.3$+$3536}
Not a real error.

! Preview: Snippet 9 ended.(447828+127431x16073787).
<-><->
      
l.267 ...ction{L1720+3537 in MACS\,J1720.3$+$3536}
                                                  
Not a real error.

[9

]
! Preview: Snippet 10 started.
<-><->
      
l.274 \subsection
                 {L2129-0742 in MACS\,J2129.4$-$0741}
Not a real error.

! Preview: Snippet 10 ended.(447828+127431x16073787).
<-><->
      
l.274 ...ction{L2129-0742 in MACS\,J2129.4$-$0741}
                                                  
Not a real error.

[10

]

Package natbib Warning: Citation `keeton:01' on page 2 undefined on input line 
279.


LaTeX Warning: Reference `fig:xx' on page 2 undefined on input line 281.

! Preview: Snippet 11 started.
<-><->
      
l.289 \section
              {Discussion}
Not a real error.

! Preview: Snippet 11 ended.(380108+0x16073787).
<-><->
      
l.289 \section{Discussion}
                          
Not a real error.

[11

]

Package natbib Warning: Citation `dobler:08' on page 2 undefined on input line 
308.

No file _region_.bbl.

Package natbib Warning: There were undefined citations.


LaTeX Warning: There were undefined references.

 ) 
Here is how much of TeX's memory you used:
 3767 strings out of 494725
 48574 string characters out of 3170735
 120112 words of memory out of 3000000
 6954 multiletter control sequences out of 15000+200000
 11221 words of font info for 46 fonts, out of 3000000 for 9000
 188 hyphenation exceptions out of 8191
 35i,9n,29p,451b,416s stack positions out of 5000i,500n,10000p,200000b,50000s
</usr/local/texlive/2009basic/texmf-dist/fonts/type1/public/amsfonts/cm/cmcsc
10.pfb></usr/local/texlive/2009basic/texmf-dist/fonts/type1/public/amsfonts/cm/
cmmi10.pfb></usr/local/texlive/2009basic/texmf-dist/fonts/type1/public/amsfonts
/cm/cmmi8.pfb></usr/local/texlive/2009basic/texmf-dist/fonts/type1/public/amsfo
nts/cm/cmr10.pfb></usr/local/texlive/2009basic/texmf-dist/fonts/type1/public/am
sfonts/cm/cmr6.pfb></usr/local/texlive/2009basic/texmf-dist/fonts/type1/public/
amsfonts/cm/cmr8.pfb></usr/local/texlive/2009basic/texmf-dist/fonts/type1/publi
c/amsfonts/cm/cmr9.pfb></usr/local/texlive/2009basic/texmf-dist/fonts/type1/pub
lic/amsfonts/cm/cmsy10.pfb></usr/local/texlive/2009basic/texmf-dist/fonts/type1
/public/amsfonts/cm/cmsy8.pfb></usr/local/texlive/2009basic/texmf-dist/fonts/ty
pe1/public/amsfonts/cm/cmti10.pfb>
Output written on _region_.pdf (11 pages, 103514 bytes).
PDF statistics:
 78 PDF objects out of 1000 (max. 8388607)
 0 named destinations out of 1000 (max. 500000)
 1 words of extra memory for PDF output out of 10000 (max. 10000000)

